2023-04-19 15:52:04 INFO  Log:9 - *************************
2023-04-19 15:52:04 INFO  Log:10 - *************************
2023-04-19 15:52:04 INFO  Log:11 - ***********This is the beginning of my Test case***********
2023-04-19 15:52:04 INFO  Log:21 - My test case is executing right now
2023-04-19 15:52:04 INFO  Log:25 - My test case might have some trivial issues
2023-04-19 15:52:06 INFO  Log:21 - This test case about to completed
2023-04-19 15:52:06 INFO  Log:15 - ##################################
2023-04-19 15:52:06 INFO  Log:16 - ##################################
2023-04-19 15:52:06 INFO  Log:17 - ################This test case is finished###############
2023-04-24 13:15:26 INFO  Log:9 - *************************
2023-04-24 13:15:26 INFO  Log:10 - *************************
2023-04-24 13:15:26 INFO  Log:11 - ***********This is the beginning of my Test case***********
2023-04-24 13:15:26 INFO  Log:21 - My test case is executing right now
2023-04-24 13:15:26 INFO  Log:25 - My test case might have some trivial issues
2023-04-29 13:09:24 INFO  Log:9 - *************************
2023-04-29 13:09:24 INFO  Log:10 - *************************
2023-04-29 13:09:24 INFO  Log:11 - ***********This is the beginning of my Test case***********
2023-04-29 13:09:24 INFO  Log:21 - My test case is executing right now
2023-04-29 13:09:24 INFO  Log:25 - My test case might have some trivial issues
2023-04-29 13:09:26 INFO  Log:21 - This test case about to completed
2023-04-29 13:09:26 INFO  Log:15 - ##################################
2023-04-29 13:09:26 INFO  Log:16 - ##################################
2023-04-29 13:09:26 INFO  Log:17 - ################This test case is finished###############
2023-04-29 13:09:38 INFO  Log:9 - *************************
2023-04-29 13:09:38 INFO  Log:10 - *************************
2023-04-29 13:09:38 INFO  Log:11 - ***********This is the beginning of my Test case***********
2023-04-29 13:09:38 INFO  Log:21 - My test case is executing right now
2023-04-29 13:09:38 INFO  Log:25 - My test case might have some trivial issues
2023-04-29 13:09:40 INFO  Log:21 - This test case about to completed
2023-04-29 13:09:40 INFO  Log:15 - ##################################
2023-04-29 13:09:40 INFO  Log:16 - ##################################
2023-04-29 13:09:40 INFO  Log:17 - ################This test case is finished###############
2023-04-29 13:09:51 INFO  Log:9 - *************************
2023-04-29 13:09:51 INFO  Log:10 - *************************
2023-04-29 13:09:51 INFO  Log:11 - ***********This is the beginning of my Test case***********
2023-04-29 13:09:51 INFO  Log:21 - My test case is executing right now
2023-04-29 13:09:51 INFO  Log:25 - My test case might have some trivial issues
2023-04-29 13:09:53 INFO  Log:21 - This test case about to completed
2023-04-29 13:09:53 INFO  Log:15 - ##################################
2023-04-29 13:09:53 INFO  Log:16 - ##################################
2023-04-29 13:09:53 INFO  Log:17 - ################This test case is finished###############
2023-05-13 11:27:26 INFO  Log:9 - *************************
2023-05-13 11:27:26 INFO  Log:10 - *************************
2023-05-13 11:27:26 INFO  Log:11 - ***********This is the beginning of my Test case***********
2023-05-13 11:27:26 INFO  Log:21 - My test case is executing right now
2023-05-13 11:27:26 INFO  Log:25 - My test case might have some trivial issues
2023-05-13 11:27:28 INFO  Log:21 - This test case about to completed
2023-05-13 11:27:28 INFO  Log:15 - ##################################
2023-05-13 11:27:28 INFO  Log:16 - ##################################
2023-05-13 11:27:28 INFO  Log:17 - ################This test case is finished###############
2023-05-13 11:49:40 INFO  Log:9 - *************************
2023-05-13 11:49:40 INFO  Log:10 - *************************
2023-05-13 11:49:40 INFO  Log:11 - ***********This is the beginning of my Test case***********
2023-05-13 11:49:40 INFO  Log:21 - My test case is executing right now
2023-05-13 11:49:40 INFO  Log:25 - My test case might have some trivial issues
2023-05-13 11:49:42 INFO  Log:21 - This test case about to completed
2023-05-13 11:49:42 INFO  Log:15 - ##################################
2023-05-13 11:49:42 INFO  Log:16 - ##################################
2023-05-13 11:49:42 INFO  Log:17 - ################This test case is finished###############
2023-05-13 12:00:45 INFO  Log:9 - *************************
2023-05-13 12:00:45 INFO  Log:10 - *************************
2023-05-13 12:00:45 INFO  Log:11 - ***********This is the beginning of my Test case***********
2023-05-13 12:00:45 INFO  Log:21 - My test case is executing right now
2023-05-13 12:00:45 INFO  Log:25 - My test case might have some trivial issues
2023-05-13 12:00:54 INFO  Log:21 - This test case about to completed
2023-05-13 12:00:54 INFO  Log:15 - ##################################
2023-05-13 12:00:54 INFO  Log:16 - ##################################
2023-05-13 12:00:54 INFO  Log:17 - ################This test case is finished###############
2023-05-13 12:03:38 INFO  Log:9 - *************************
2023-05-13 12:03:38 INFO  Log:10 - *************************
2023-05-13 12:03:38 INFO  Log:11 - ***********This is the beginning of my Test case***********
2023-05-13 12:03:38 INFO  Log:21 - My test case is executing right now
2023-05-13 12:03:38 INFO  Log:25 - My test case might have some trivial issues
2023-05-13 12:03:46 INFO  Log:21 - This test case about to completed
2023-05-13 12:03:46 INFO  Log:15 - ##################################
2023-05-13 12:03:46 INFO  Log:16 - ##################################
2023-05-13 12:03:46 INFO  Log:17 - ################This test case is finished###############
2023-05-27 21:28:30 INFO  Log:9 - *************************
2023-05-27 21:28:30 INFO  Log:10 - *************************
2023-05-27 21:28:30 INFO  Log:11 - ***********This is the beginning of my Test case***********
2023-05-27 21:28:30 INFO  Log:21 - My test case is executing right now
2023-05-27 21:28:30 INFO  Log:25 - My test case might have some trivial issues
2023-05-30 22:44:37 INFO  Log:9 - *************************
2023-05-30 22:44:37 INFO  Log:10 - *************************
2023-05-30 22:44:37 INFO  Log:11 - ***********This is the beginning of my Test case***********
2023-05-30 22:44:37 INFO  Log:21 - My test case is executing right now
2023-05-30 22:44:37 INFO  Log:25 - My test case might have some trivial issues
2023-05-30 22:44:44 INFO  Log:21 - This test case about to completed
2023-05-30 22:44:44 INFO  Log:15 - ##################################
2023-05-30 22:44:44 INFO  Log:16 - ##################################
2023-05-30 22:44:44 INFO  Log:17 - ################This test case is finished###############
2023-05-30 22:44:53 INFO  Log:9 - *************************
2023-05-30 22:44:53 INFO  Log:10 - *************************
2023-05-30 22:44:53 INFO  Log:11 - ***********This is the beginning of my Test case***********
2023-05-30 22:44:53 INFO  Log:21 - My test case is executing right now
2023-05-30 22:44:53 INFO  Log:25 - My test case might have some trivial issues
2023-05-30 22:45:02 INFO  Log:21 - This test case about to completed
2023-05-30 22:45:02 INFO  Log:15 - ##################################
2023-05-30 22:45:02 INFO  Log:16 - ##################################
2023-05-30 22:45:02 INFO  Log:17 - ################This test case is finished###############
2023-05-30 22:54:32 INFO  Log:9 - *************************
2023-05-30 22:54:32 INFO  Log:10 - *************************
2023-05-30 22:54:32 INFO  Log:11 - ***********This is the beginning of my Test case***********
2023-05-30 22:54:32 INFO  Log:21 - My test case is executing right now
2023-05-30 22:54:32 INFO  Log:25 - My test case might have some trivial issues
2023-05-30 22:54:39 INFO  Log:21 - This test case about to completed
2023-05-30 22:54:39 INFO  Log:15 - ##################################
2023-05-30 22:54:39 INFO  Log:16 - ##################################
2023-05-30 22:54:39 INFO  Log:17 - ################This test case is finished###############
2023-05-30 22:54:45 INFO  Log:9 - *************************
2023-05-30 22:54:45 INFO  Log:10 - *************************
2023-05-30 22:54:45 INFO  Log:11 - ***********This is the beginning of my Test case***********
2023-05-30 22:54:45 INFO  Log:21 - My test case is executing right now
2023-05-30 22:54:45 INFO  Log:25 - My test case might have some trivial issues
2023-05-30 22:54:54 INFO  Log:21 - This test case about to completed
2023-05-30 22:54:54 INFO  Log:15 - ##################################
2023-05-30 22:54:54 INFO  Log:16 - ##################################
2023-05-30 22:54:54 INFO  Log:17 - ################This test case is finished###############
2023-05-30 22:55:35 INFO  Log:9 - *************************
2023-05-30 22:55:35 INFO  Log:10 - *************************
2023-05-30 22:55:35 INFO  Log:11 - ***********This is the beginning of my Test case***********
2023-05-30 22:55:35 INFO  Log:21 - My test case is executing right now
2023-05-30 22:55:35 INFO  Log:25 - My test case might have some trivial issues
2023-05-30 22:55:42 INFO  Log:21 - This test case about to completed
2023-05-30 22:55:42 INFO  Log:15 - ##################################
2023-05-30 22:55:42 INFO  Log:16 - ##################################
2023-05-30 22:55:42 INFO  Log:17 - ################This test case is finished###############
2023-05-30 22:55:49 INFO  Log:9 - *************************
2023-05-30 22:55:49 INFO  Log:10 - *************************
2023-05-30 22:55:49 INFO  Log:11 - ***********This is the beginning of my Test case***********
2023-05-30 22:55:49 INFO  Log:21 - My test case is executing right now
2023-05-30 22:55:49 INFO  Log:25 - My test case might have some trivial issues
2023-05-30 22:55:58 INFO  Log:21 - This test case about to completed
2023-05-30 22:55:58 INFO  Log:15 - ##################################
2023-05-30 22:55:58 INFO  Log:16 - ##################################
2023-05-30 22:55:58 INFO  Log:17 - ################This test case is finished###############
2023-05-30 22:58:27 INFO  Log:9 - *************************
2023-05-30 22:58:27 INFO  Log:10 - *************************
2023-05-30 22:58:27 INFO  Log:11 - ***********This is the beginning of my Test case***********
2023-05-30 22:58:27 INFO  Log:21 - My test case is executing right now
2023-05-30 22:58:27 INFO  Log:25 - My test case might have some trivial issues
2023-05-30 22:58:35 INFO  Log:21 - This test case about to completed
2023-05-30 22:58:35 INFO  Log:15 - ##################################
2023-05-30 22:58:35 INFO  Log:16 - ##################################
2023-05-30 22:58:35 INFO  Log:17 - ################This test case is finished###############
2023-05-31 16:49:45 INFO  Log:9 - *************************
2023-05-31 16:49:45 INFO  Log:10 - *************************
2023-05-31 16:49:45 INFO  Log:11 - ***********This is the beginning of my Test case***********
2023-05-31 16:49:45 INFO  Log:21 - My test case is executing right now
2023-05-31 16:49:45 INFO  Log:25 - My test case might have some trivial issues
2023-05-31 16:49:52 INFO  Log:21 - This test case about to completed
2023-05-31 16:49:52 INFO  Log:15 - ##################################
2023-05-31 16:49:52 INFO  Log:16 - ##################################
2023-05-31 16:49:52 INFO  Log:17 - ################This test case is finished###############
2023-05-31 16:51:13 INFO  Log:9 - *************************
2023-05-31 16:51:13 INFO  Log:10 - *************************
2023-05-31 16:51:14 INFO  Log:11 - ***********This is the beginning of my Test case***********
2023-05-31 16:51:14 INFO  Log:21 - My test case is executing right now
2023-05-31 16:51:14 INFO  Log:25 - My test case might have some trivial issues
2023-05-31 16:51:21 INFO  Log:21 - This test case about to completed
2023-05-31 16:51:21 INFO  Log:15 - ##################################
2023-05-31 16:51:21 INFO  Log:16 - ##################################
2023-05-31 16:51:21 INFO  Log:17 - ################This test case is finished###############
2023-05-31 16:52:06 INFO  Log:9 - *************************
2023-05-31 16:52:06 INFO  Log:10 - *************************
2023-05-31 16:52:06 INFO  Log:11 - ***********This is the beginning of my Test case***********
2023-05-31 16:52:06 INFO  Log:21 - My test case is executing right now
2023-05-31 16:52:06 INFO  Log:25 - My test case might have some trivial issues
2023-05-31 16:52:13 INFO  Log:21 - This test case about to completed
2023-05-31 16:52:13 INFO  Log:15 - ##################################
2023-05-31 16:52:13 INFO  Log:16 - ##################################
2023-05-31 16:52:13 INFO  Log:17 - ################This test case is finished###############
